[debug] [2018-11-24T22:29:24.351Z] ----------------------------------------------------------------------
[debug] [2018-11-24T22:29:24.354Z] Command:       /usr/local/bin/node /usr/local/bin/firebase serve
[debug] [2018-11-24T22:29:24.355Z] CLI Version:   6.1.1
[debug] [2018-11-24T22:29:24.355Z] Platform:      darwin
[debug] [2018-11-24T22:29:24.355Z] Node Version:  v10.13.0
[debug] [2018-11-24T22:29:24.356Z] Time:          Sat Nov 24 2018 22:29:24 GMT+0000 (Greenwich Mean Time)
[debug] [2018-11-24T22:29:24.356Z] ----------------------------------------------------------------------
[debug] 
[debug] [2018-11-24T22:29:24.369Z] > command requires scopes: ["email","openid","https://www.googleapis.com/auth/cloudplatformprojects.readonly","https://www.googleapis.com/auth/firebase","https://www.googleapis.com/auth/cloud-platform"]
[debug] [2018-11-24T22:29:24.369Z] > authorizing via signed-in user
[debug] [2018-11-24T22:29:24.369Z] [iam] checking project seewhy-workshop for permissions ["firebase.projects.get"]
[debug] [2018-11-24T22:29:24.371Z] >>> HTTP REQUEST POST https://cloudresourcemanager.googleapis.com/v1/projects/seewhy-workshop:testIamPermissions  

[debug] [2018-11-24T22:29:25.254Z] <<< HTTP RESPONSE 200
[debug] [2018-11-24T22:29:25.255Z] >>> HTTP REQUEST GET https://cloudresourcemanager.googleapis.com/v1/projects/seewhy-workshop  
 
[debug] [2018-11-24T22:29:26.010Z] <<< HTTP RESPONSE 200
[info] 
[info] === Serving from '/Users/iketari/Development/seewhy-workshop'...
[info] 
[debug] [2018-11-24T22:29:27.278Z] Error: EACCES: permission denied, mkdir '/usr/local/lib/node_modules/firebase-tools/node_modules/@google-cloud/functions-emulator/logs'
    at Object.mkdirSync (fs.js:750:3)
    at Object.assertLogsPath (/usr/local/lib/node_modules/firebase-tools/node_modules/@google-cloud/functions-emulator/src/emulator/logs.js:65:10)
    at new Controller (/usr/local/lib/node_modules/firebase-tools/node_modules/@google-cloud/functions-emulator/src/cli/controller.js:77:32)
    at FunctionsEmulator.start (/usr/local/lib/node_modules/firebase-tools/lib/functionsEmulator.js:102:23)
    at Object.start (/usr/local/lib/node_modules/firebase-tools/lib/serve/functions.js:7:33)
    at /usr/local/lib/node_modules/firebase-tools/lib/serve/index.js:15:23
    at arrayMap (/usr/local/lib/node_modules/firebase-tools/node_modules/lodash/lodash.js:639:23)
    at Function.map (/usr/local/lib/node_modules/firebase-tools/node_modules/lodash/lodash.js:9556:14)
    at _serve (/usr/local/lib/node_modules/firebase-tools/lib/serve/index.js:13:26)
    at Command.module.exports.Command.description.option.option.option.option.before.action [as _action] (/usr/local/lib/node_modules/firebase-tools/lib/commands/serve.js:55:12)
[error] 
[error] Error: An unexpected error has occurred.
